<?xml version="1.0" encoding="UTF-8"?>
<testsuite xmlns:xsi="http://www.w3.org/2001/XMLSchema-instance" xsi:noNamespaceSchemaLocation="https://maven.apache.org/surefire/maven-surefire-plugin/xsd/surefire-test-report-3.0.xsd" version="3.0" name="com.example.dynamic_cover_letter.DynamicCoverLetterApplicationTests" time="2.129" tests="1" errors="0" skipped="0" failures="0">
  <properties>
[...]
</properties>
  <testcase name="contextLoads" classname="com.example.dynamic_cover_letter.DynamicCoverLetterApplicationTests" time="0.27">
    <system-out><![CDATA[20:03:24.234 [main] INFO org.springframework.test.context.support.AnnotationConfigContextLoaderUtils -- Could not detect default configuration classes for test class [com.example.dynamic_cover_letter.DynamicCoverLetterApplicationTests]: DynamicCoverLetterApplicationTests does not declare any static, non-private, non-final, nested classes annotated with @Configuration.
20:03:24.270 [main] INFO org.springframework.boot.test.context.SpringBootTestContextBootstrapper -- Found @SpringBootConfiguration com.example.dynamic_cover_letter.DynamicCoverLetterApplication for test class com.example.dynamic_cover_letter.DynamicCoverLetterApplicationTests

  .   ____          _            __ _ _
 /\\ / ___'_ __ _ _(_)_ __  __ _ \ \ \ \
( ( )\___ | '_ | '_| | '_ \/ _` | \ \ \ \
 \\/  ___)| |_)| | | | | || (_| |  ) ) ) )
  '  |____| .__|_| |_|_| |_\__, | / / / /
 =========|_|==============|___/=/_/_/_/

 :: Spring Boot ::                (v3.3.5)

2024-12-02T20:03:24.387-08:00  WARN 39266 --- [dynamic-cover-letter] [           main] ory$DuplicateJsonObjectContextCustomizer : 

Found multiple occurrences of org.json.JSONObject on the class path:

	jar:file:/Users/poojaraju/.m2/repository/com/vaadin/external/google/android-json/0.0.20131108.vaadin1/android-json-0.0.20131108.vaadin1.jar!/org/json/JSONObject.class
	jar:file:/Users/poojaraju/.m2/repository/org/json/json/20210307/json-20210307.jar!/org/json/JSONObject.class

You may wish to exclude one of them to ensure predictable runtime behavior

2024-12-02T20:03:24.392-08:00  INFO 39266 --- [dynamic-cover-letter] [           main] c.e.d.DynamicCoverLetterApplicationTests : Starting DynamicCoverLetterApplicationTests using Java 23.0.1 with PID 39266 (started by poojaraju in /Users/poojaraju/Downloads/Archive/dynamic-cover-letter/backend)
2024-12-02T20:03:24.393-08:00  INFO 39266 --- [dynamic-cover-letter] [           main] c.e.d.DynamicCoverLetterApplicationTests : No active profile set, falling back to 1 default profile: "default"
2024-12-02T20:03:24.625-08:00  INFO 39266 --- [dynamic-cover-letter] [           main] .s.d.r.c.RepositoryConfigurationDelegate : Bootstrapping Spring Data JPA repositories in DEFAULT mode.
2024-12-02T20:03:24.646-08:00  INFO 39266 --- [dynamic-cover-letter] [           main] .s.d.r.c.RepositoryConfigurationDelegate : Finished Spring Data repository scanning in 18 ms. Found 3 JPA repository interfaces.
2024-12-02T20:03:24.808-08:00  INFO 39266 --- [dynamic-cover-letter] [           main] o.hibernate.jpa.internal.util.LogHelper  : HHH000204: Processing PersistenceUnitInfo [name: default]
2024-12-02T20:03:24.827-08:00  INFO 39266 --- [dynamic-cover-letter] [           main] org.hibernate.Version                    : HHH000412: Hibernate ORM core version 6.5.3.Final
2024-12-02T20:03:24.844-08:00  INFO 39266 --- [dynamic-cover-letter] [           main] o.h.c.internal.RegionFactoryInitiator    : HHH000026: Second-level cache disabled
2024-12-02T20:03:24.956-08:00  INFO 39266 --- [dynamic-cover-letter] [           main] o.s.o.j.p.SpringPersistenceUnitInfo      : No LoadTimeWeaver setup: ignoring JPA class transformer
2024-12-02T20:03:24.965-08:00  INFO 39266 --- [dynamic-cover-letter] [           main] com.zaxxer.hikari.HikariDataSource       : HikariPool-1 - Starting...
2024-12-02T20:03:25.109-08:00  INFO 39266 --- [dynamic-cover-letter] [           main] com.zaxxer.hikari.pool.HikariPool        : HikariPool-1 - Added connection com.mysql.cj.jdbc.ConnectionImpl@15f861ee
2024-12-02T20:03:25.110-08:00  INFO 39266 --- [dynamic-cover-letter] [           main] com.zaxxer.hikari.HikariDataSource       : HikariPool-1 - Start completed.
2024-12-02T20:03:25.130-08:00  WARN 39266 --- [dynamic-cover-letter] [           main] org.hibernate.orm.deprecation            : HHH90000025: MySQLDialect does not need to be specified explicitly using 'hibernate.dialect' (remove the property setting and it will be selected by default)
2024-12-02T20:03:25.463-08:00  INFO 39266 --- [dynamic-cover-letter] [           main] o.h.e.t.j.p.i.JtaPlatformInitiator       : HHH000489: No JTA platform available (set 'hibernate.transaction.jta.platform' to enable JTA platform integration)
Hibernate: alter table cover_letter modify column file_data MEDIUMBLOB
Hibernate: alter table experience modify column description TEXT
2024-12-02T20:03:25.546-08:00  INFO 39266 --- [dynamic-cover-letter] [           main] j.LocalContainerEntityManagerFactoryBean : Initialized JPA EntityManagerFactory for persistence unit 'default'
2024-12-02T20:03:25.684-08:00  INFO 39266 --- [dynamic-cover-letter] [           main] o.s.d.j.r.query.QueryEnhancerFactory     : Hibernate is in classpath; If applicable, HQL parser will be used.
2024-12-02T20:03:25.897-08:00  WARN 39266 --- [dynamic-cover-letter] [           main] JpaBaseConfiguration$JpaWebConfiguration : spring.jpa.open-in-view is enabled by default. Therefore, database queries may be performed during view rendering. Explicitly configure spring.jpa.open-in-view to disable this warning
2024-12-02T20:03:25.905-08:00  INFO 39266 --- [dynamic-cover-letter] [           main] o.s.b.a.w.s.WelcomePageHandlerMapping    : Adding welcome page: class path resource [static/index.html]
2024-12-02T20:03:26.028-08:00  INFO 39266 --- [dynamic-cover-letter] [           main] c.e.d.DynamicCoverLetterApplicationTests : Started DynamicCoverLetterApplicationTests in 1.716 seconds (process running for 2.032)
]]></system-out>
    <system-err><![CDATA[WARNING: A Java agent has been loaded dynamically (/Users/poojaraju/.m2/repository/net/bytebuddy/byte-buddy-agent/1.14.19/byte-buddy-agent-1.14.19.jar)
WARNING: If a serviceability tool is in use, please run with -XX:+EnableDynamicAgentLoading to hide this warning
WARNING: If a serviceability tool is not in use, please run with -Djdk.instrument.traceUsage for more information
WARNING: Dynamic loading of agents will be disallowed by default in a future release
]]></system-err>
  </testcase>
</testsuite>